<?xml version="1.0" encoding="UTF-8"?>
<testng-results skipped="0" failed="0" total="3" passed="3">
  <reporter-output>
  </reporter-output>
  <suite name="Default suite" duration-ms="22100" started-at="2019-08-20T01:32:10Z" finished-at="2019-08-20T01:32:32Z">
    <groups>
    </groups>
    <test name="Default test" duration-ms="22100" started-at="2019-08-20T01:32:10Z" finished-at="2019-08-20T01:32:32Z">
      <class name="com.test.LoginTest">
        <test-method status="PASS" signature="f2()[pri:0, instance:com.test.LoginTest@670002]" name="f2" duration-ms="16833" started-at="2019-08-20T07:02:10Z" finished-at="2019-08-20T07:02:27Z">
          <reporter-output>
          </reporter-output>
        </test-method> <!-- f2 -->
        <test-method status="PASS" signature="f3()[pri:0, instance:com.test.LoginTest@670002]" name="f3" duration-ms="3" started-at="2019-08-20T07:02:27Z" finished-at="2019-08-20T07:02:27Z">
          <reporter-output>
          </reporter-output>
        </test-method> <!-- f3 -->
        <test-method status="PASS" signature="f4()[pri:0, instance:com.test.LoginTest@670002]" name="f4" duration-ms="5204" started-at="2019-08-20T07:02:27Z" finished-at="2019-08-20T07:02:32Z">
          <reporter-output>
          </reporter-output>
        </test-method> <!-- f4 -->
      </class> <!-- com.test.LoginTest -->
    </test> <!-- Default test -->
  </suite> <!-- Default suite -->
</testng-results>
